<?xml version="1.0" encoding="UTF-8"?>
<testng-results skipped="0" failed="0" ignored="0" total="1" passed="1">
  <reporter-output>
  </reporter-output>
  <suite name="tests.FirstTest" duration-ms="59274" started-at="2020-01-11T13:23:04Z" finished-at="2020-01-11T13:24:04Z">
    <groups>
    </groups>
    <test name="Command line test" duration-ms="59274" started-at="2020-01-11T13:23:04Z" finished-at="2020-01-11T13:24:04Z">
      <class name="tests.FirstTest">
        <test-method status="PASS" signature="setup()[pri:0, instance:tests.FirstTest@6fb554cc]" name="setup" is-config="true" duration-ms="1957" started-at="2020-01-11T13:23:04Z" finished-at="2020-01-11T13:23:06Z">
          <reporter-output>
          </reporter-output>
        </test-method> <!-- setup -->
        <test-method status="PASS" signature="testOne()[pri:0, instance:tests.FirstTest@6fb554cc]" name="testOne" duration-ms="57305" started-at="2020-01-11T13:23:06Z" finished-at="2020-01-11T13:24:04Z">
          <reporter-output>
          </reporter-output>
        </test-method> <!-- testOne -->
      </class> <!-- tests.FirstTest -->
    </test> <!-- Command line test -->
  </suite> <!-- tests.FirstTest -->
</testng-results>
